[debug] [2023-06-17T02:48:37.428Z] ----------------------------------------------------------------------
[debug] [2023-06-17T02:48:37.430Z] Command:       /usr/local/bin/node /usr/local/bin/firebase init
[debug] [2023-06-17T02:48:37.430Z] CLI Version:   12.3.1
[debug] [2023-06-17T02:48:37.430Z] Platform:      darwin
[debug] [2023-06-17T02:48:37.430Z] Node Version:  v16.13.1
[debug] [2023-06-17T02:48:37.431Z] Time:          Sat Jun 17 2023 01:48:37 GMT-0100 (Hora padrão de Cabo Verde)
[debug] [2023-06-17T02:48:37.431Z] ----------------------------------------------------------------------
[debug] 
[debug] [2023-06-17T02:48:37.435Z] > command requires scopes: ["email","openid","https://www.googleapis.com/auth/cloudplatformprojects.readonly","https://www.googleapis.com/auth/firebase","https://www.googleapis.com/auth/cloud-platform"]
[debug] [2023-06-17T02:48:37.435Z] > authorizing via signed-in user (ronassilva2016@gmail.com)
[info] 
     ######## #### ########  ######## ########     ###     ######  ########
     ##        ##  ##     ## ##       ##     ##  ##   ##  ##       ##
     ######    ##  ########  ######   ########  #########  ######  ######
     ##        ##  ##    ##  ##       ##     ## ##     ##       ## ##
     ##       #### ##     ## ######## ########  ##     ##  ######  ########

You're about to initialize a Firebase project in this directory:

  /Users/ronaldodelgado/Desktop/canteen

[info] 
=== Project Setup
[info] 
[info] First, let's associate this project directory with a Firebase project.
[info] You can create multiple project aliases by running firebase use --add, 
[info] but for now we'll just set up a default project.
[info] 
[debug] [2023-06-17T02:50:40.141Z] >>> [apiv2][query] GET https://firebase.googleapis.com/v1beta1/projects pageSize=100
[debug] [2023-06-17T02:50:40.876Z] <<< [apiv2][status] GET https://firebase.googleapis.com/v1beta1/projects 200
[debug] [2023-06-17T02:50:40.877Z] <<< [apiv2][body] GET https://firebase.googleapis.com/v1beta1/projects [omitted]
[info] i  Using project siteproject-86cf9 (SiteProject) 
[info] 
=== Hosting Setup
[info] 
[info] Your public directory is the folder (relative to your project directory) that
[info] will contain Hosting assets to be uploaded with firebase deploy. If you
[info] have a build process for your assets, use your build's output directory.
[info] 
[info] ✔  Wrote build/404.html 
[debug] [2023-06-17T02:53:44.458Z] >>> [apiv2][query] GET https://www.gstatic.com/firebasejs/releases.json [none]
[debug] [2023-06-17T02:53:44.767Z] <<< [apiv2][status] GET https://www.gstatic.com/firebasejs/releases.json 200
[debug] [2023-06-17T02:53:44.767Z] <<< [apiv2][body] GET https://www.gstatic.com/firebasejs/releases.json {"current":{"version":"9.22.2","browserURL":"https://www.gstatic.com/firebasejs/9.22.2/firebase.js","packageURL":"https://www.gstatic.com/firebasejs/9.22.2/firebase.tgz"},"live":{"version":"9.22","browserURL":"https://www.gstatic.com/firebasejs/live/9.22/firebase.js","packageURL":"https://www.gstatic.com/firebasejs/live/9.22/firebase.tgz"},"components":{"analytics":"https://www.gstatic.com/firebasejs/9.22.2/firebase-analytics.js","app":"https://www.gstatic.com/firebasejs/9.22.2/firebase-app.js","app-check":"https://www.gstatic.com/firebasejs/9.22.2/firebase-app-check.js","auth":"https://www.gstatic.com/firebasejs/9.22.2/firebase-auth.js","auth/cordova":"https://www.gstatic.com/firebasejs/9.22.2/firebase-auth/cordova.js","auth/react-native":"https://www.gstatic.com/firebasejs/9.22.2/firebase-auth/react-native.js","functions":"https://www.gstatic.com/firebasejs/9.22.2/firebase-functions.js","firestore":"https://www.gstatic.com/firebasejs/9.22.2/firebase-firestore.js","firestore/lite":"https://www.gstatic.com/firebasejs/9.22.2/firebase-firestore/lite.js","installations":"https://www.gstatic.com/firebasejs/9.22.2/firebase-installations.js","storage":"https://www.gstatic.com/firebasejs/9.22.2/firebase-storage.js","performance":"https://www.gstatic.com/firebasejs/9.22.2/firebase-performance.js","remote-config":"https://www.gstatic.com/firebasejs/9.22.2/firebase-remote-config.js","messaging":"https://www.gstatic.com/firebasejs/9.22.2/firebase-messaging.js","messaging/sw":"https://www.gstatic.com/firebasejs/9.22.2/firebase-messaging/sw.js","database":"https://www.gstatic.com/firebasejs/9.22.2/firebase-database.js","firestore.memory":"https://www.gstatic.com/firebasejs/9.22.2/firebase-firestore.memory.js"}}
[info] i  Skipping write of build/index.html 
[info] 
[info] i  Detected a .git folder at /Users/ronaldodelgado/Desktop/canteen 
[info] i  Authorizing with GitHub to upload your service account to a GitHub repository's secrets store. 
[info] 
[info] Visit this URL on this device to log in:
[info] https://github.com/login/oauth/authorize?client_id=89cf50f02ac6aaed3484&state=74764428&redirect_uri=http%3A%2F%2Flocalhost%3A9005&scope=read%3Auser%20repo%20public_repo
[info] 
[info] Waiting for authentication...
[debug] [2023-06-17T02:54:27.819Z] >>> [apiv2][query] POST https://github.com/login/oauth/access_token [none]
[debug] [2023-06-17T02:54:27.819Z] >>> [apiv2][body] POST https://github.com/login/oauth/access_token [stream]
[debug] [2023-06-17T02:54:28.350Z] <<< [apiv2][status] POST https://github.com/login/oauth/access_token 200
[debug] [2023-06-17T02:54:28.350Z] <<< [apiv2][body] POST https://github.com/login/oauth/access_token {"access_token":"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","token_type":"bearer","scope":"read:user,repo"}
[debug] [2023-06-17T02:54:28.362Z] >>> [apiv2][query] GET https://api.github.com/user [none]
[debug] [2023-06-17T02:54:28.943Z] <<< [apiv2][status] GET https://api.github.com/user 200
[debug] [2023-06-17T02:54:28.944Z] <<< [apiv2][body] GET https://api.github.com/user {"login":"GabsGarrix","id":95857555,"node_id":"U_kgDOBbarkw","avatar_url":"https://avatars.githubusercontent.com/u/95857555?v=4","gravatar_id":"","url":"https://api.github.com/users/GabsGarrix","html_url":"https://github.com/GabsGarrix","followers_url":"https://api.github.com/users/GabsGarrix/followers","following_url":"https://api.github.com/users/GabsGarrix/following{/other_user}","gists_url":"https://api.github.com/users/GabsGarrix/gists{/gist_id}","starred_url":"https://api.github.com/users/GabsGarrix/starred{/owner}{/repo}","subscriptions_url":"https://api.github.com/users/GabsGarrix/subscriptions","organizations_url":"https://api.github.com/users/GabsGarrix/orgs","repos_url":"https://api.github.com/users/GabsGarrix/repos","events_url":"https://api.github.com/users/GabsGarrix/events{/privacy}","received_events_url":"https://api.github.com/users/GabsGarrix/received_events","type":"User","site_admin":false,"name":"Ronaldo Gabriela","company":null,"blog":"","location":"Mindelo","email":null,"hireable":null,"bio":"learning from the best :P","twitter_username":null,"public_repos":7,"public_gists":0,"followers":5,"following":5,"created_at":"2021-12-09T11:28:56Z","updated_at":"2023-04-03T20:14:19Z","private_gists":0,"total_private_repos":1,"owned_private_repos":1,"disk_usage":6554,"collaborators":0,"two_factor_authentication":false,"plan":{"name":"free","space":976562499,"collaborators":0,"private_repos":10000}}
[info] 
[info] ✔  Success! Logged into GitHub as GabsGarrix 
[info] 
